[ 2025-10-27 20:10:46,526 ] 1025 httpx - INFO - HTTP Request: GET https://dagshub.com/api/v1/user "HTTP/1.1 200 OK"
[ 2025-10-27 20:10:46,534 ] 107 dagshub - INFO - Accessing as hari-prakash-k7
[ 2025-10-27 20:10:47,861 ] 1025 httpx - INFO - HTTP Request: GET https://dagshub.com/api/v1/repos/hari-prakash-k7/networksecurity "HTTP/1.1 200 OK"
[ 2025-10-27 20:10:50,008 ] 1025 httpx - INFO - HTTP Request: GET https://dagshub.com/api/v1/user "HTTP/1.1 200 OK"
[ 2025-10-27 20:10:50,012 ] 107 dagshub - INFO - Initialized MLflow to track repo "hari-prakash-k7/networksecurity"
[ 2025-10-27 20:10:50,013 ] 107 dagshub - INFO - Repository hari-prakash-k7/networksecurity initialized!
[ 2025-10-27 20:10:50,014 ] 20 root - INFO - Initiate the data ingestion
[ 2025-10-27 20:10:54,716 ] 65 root - INFO - Performed train test split on the dataframe
[ 2025-10-27 20:10:54,716 ] 67 root - INFO - Exited split_data_as_train_test method of Data_Ingestion class
[ 2025-10-27 20:10:54,717 ] 75 root - INFO - Exporting train and test file path.
[ 2025-10-27 20:10:54,755 ] 84 root - INFO - Exported train and test file path.
[ 2025-10-27 20:10:54,755 ] 22 root - INFO - Data Initiation Completed
[ 2025-10-27 20:10:54,760 ] 26 root - INFO - Initiate the data Validation
[ 2025-10-27 20:10:54,776 ] 32 root - INFO - Required number of columns:2
[ 2025-10-27 20:10:54,777 ] 33 root - INFO - Data frame has columns:31
[ 2025-10-27 20:10:54,777 ] 32 root - INFO - Required number of columns:2
[ 2025-10-27 20:10:54,777 ] 33 root - INFO - Data frame has columns:31
[ 2025-10-27 20:10:54,874 ] 28 root - INFO - data Validation Completed
[ 2025-10-27 20:10:54,875 ] 31 root - INFO - data Transformation started
[ 2025-10-27 20:10:54,875 ] 63 root - INFO - Entered initiate_data_transformation method of DataTransformation class
[ 2025-10-27 20:10:54,875 ] 65 root - INFO - Starting data transformation
[ 2025-10-27 20:10:54,892 ] 48 root - INFO - Entered get_data_trnasformer_object method of Trnasformation class
[ 2025-10-27 20:10:54,892 ] 53 root - INFO - Initialise KNNImputer with {'missing_values': nan, 'n_neighbors': 3, 'weights': 'uniform'}
[ 2025-10-27 20:10:54,904 ] 46 root - INFO - Entered the save_object method of MainUtils class
[ 2025-10-27 20:10:54,907 ] 50 root - INFO - Exited the save_object method of MainUtils class
[ 2025-10-27 20:10:54,907 ] 46 root - INFO - Entered the save_object method of MainUtils class
[ 2025-10-27 20:10:54,909 ] 50 root - INFO - Exited the save_object method of MainUtils class
[ 2025-10-27 20:10:54,911 ] 35 root - INFO - data Transformation completed
[ 2025-10-27 20:10:54,911 ] 37 root - INFO - Model Training sstared
