[ 2025-10-27 20:05:58,476 ] 1025 httpx - INFO - HTTP Request: GET https://dagshub.com/api/v1/user "HTTP/1.1 200 OK"
[ 2025-10-27 20:05:58,499 ] 107 dagshub - INFO - Accessing as hari-prakash-k7
[ 2025-10-27 20:05:59,717 ] 1025 httpx - INFO - HTTP Request: GET https://dagshub.com/api/v1/repos/hari-prakash-k7/networksecurity "HTTP/1.1 200 OK"
[ 2025-10-27 20:06:05,536 ] 1025 httpx - INFO - HTTP Request: GET https://dagshub.com/api/v1/user "HTTP/1.1 200 OK"
[ 2025-10-27 20:06:05,541 ] 107 dagshub - INFO - Initialized MLflow to track repo "hari-prakash-k7/networksecurity"
[ 2025-10-27 20:06:05,542 ] 107 dagshub - INFO - Repository hari-prakash-k7/networksecurity initialized!
[ 2025-10-27 20:06:05,543 ] 20 root - INFO - Initiate the data ingestion
[ 2025-10-27 20:06:10,365 ] 65 root - INFO - Performed train test split on the dataframe
[ 2025-10-27 20:06:10,365 ] 67 root - INFO - Exited split_data_as_train_test method of Data_Ingestion class
[ 2025-10-27 20:06:10,365 ] 75 root - INFO - Exporting train and test file path.
[ 2025-10-27 20:06:10,409 ] 84 root - INFO - Exported train and test file path.
[ 2025-10-27 20:06:10,410 ] 22 root - INFO - Data Initiation Completed
[ 2025-10-27 20:06:10,414 ] 26 root - INFO - Initiate the data Validation
[ 2025-10-27 20:06:10,436 ] 32 root - INFO - Required number of columns:2
[ 2025-10-27 20:06:10,436 ] 33 root - INFO - Data frame has columns:31
[ 2025-10-27 20:06:10,436 ] 32 root - INFO - Required number of columns:2
[ 2025-10-27 20:06:10,436 ] 33 root - INFO - Data frame has columns:31
[ 2025-10-27 20:06:10,604 ] 28 root - INFO - data Validation Completed
[ 2025-10-27 20:06:10,604 ] 31 root - INFO - data Transformation started
[ 2025-10-27 20:06:10,604 ] 63 root - INFO - Entered initiate_data_transformation method of DataTransformation class
[ 2025-10-27 20:06:10,604 ] 65 root - INFO - Starting data transformation
[ 2025-10-27 20:06:10,628 ] 48 root - INFO - Entered get_data_trnasformer_object method of Trnasformation class
[ 2025-10-27 20:06:10,628 ] 53 root - INFO - Initialise KNNImputer with {'missing_values': nan, 'n_neighbors': 3, 'weights': 'uniform'}
[ 2025-10-27 20:06:10,640 ] 46 root - INFO - Entered the save_object method of MainUtils class
[ 2025-10-27 20:06:10,643 ] 50 root - INFO - Exited the save_object method of MainUtils class
[ 2025-10-27 20:06:10,643 ] 46 root - INFO - Entered the save_object method of MainUtils class
[ 2025-10-27 20:06:10,645 ] 50 root - INFO - Exited the save_object method of MainUtils class
[ 2025-10-27 20:06:10,647 ] 35 root - INFO - data Transformation completed
[ 2025-10-27 20:06:10,647 ] 37 root - INFO - Model Training sstared
